<?xml version="1.0" encoding="UTF-8"?>
<!-- Generated by org.testng.reporters.JUnitXMLReporter -->
<testsuite hostname="DESKTOP-O391UBK" ignored="2" name="Command line test" tests="1" failures="0" timestamp="04 Mar 2020 18:13:39 GMT" time="5.954" errors="0">
  <testcase name="loginAsBankManager" time="5.869" classname="com.w2a.testcases.LoginTest"/>
  <testcase name="@BeforeSuite setup" time="0.0" classname="com.w2a.base.TestBase">
    <ignored/>
  </testcase> <!-- @BeforeSuite setup -->
  <testcase name="@AfterSuite tearDown" time="0.0" classname="com.w2a.base.TestBase">
    <ignored/>
  </testcase> <!-- @AfterSuite tearDown -->
</testsuite> <!-- Command line test -->
