<?xml version="1.0" encoding="UTF-8"?>
<testng-results skipped="0" failed="0" ignored="2" total="3" passed="1">
  <reporter-output>
  </reporter-output>
  <suite name="Command line suite" duration-ms="5954" started-at="2020-03-04T18:13:33Z" finished-at="2020-03-04T18:13:39Z">
    <groups>
    </groups>
    <test name="Command line test" duration-ms="5954" started-at="2020-03-04T18:13:33Z" finished-at="2020-03-04T18:13:39Z">
      <class name="com.w2a.testcases.LoginTest">
        <test-method status="PASS" signature="loginAsBankManager()[pri:0, instance:com.w2a.testcases.LoginTest@61832929]" name="loginAsBankManager" duration-ms="5869" started-at="2020-03-04T18:13:33Z" finished-at="2020-03-04T18:13:39Z">
          <reporter-output>
          </reporter-output>
        </test-method> <!-- loginAsBankManager -->
      </class> <!-- com.w2a.testcases.LoginTest -->
      <class name="com.w2a.base.TestBase">
        <test-method status="PASS" signature="setup()[pri:0, instance:com.w2a.base.TestBase@5b275dab]" name="setup" is-config="true" duration-ms="17379" started-at="2020-03-04T18:13:15Z" finished-at="2020-03-04T18:13:33Z">
          <reporter-output>
          </reporter-output>
        </test-method> <!-- setup -->
        <test-method status="PASS" signature="tearDown()[pri:0, instance:com.w2a.base.TestBase@5b275dab]" name="tearDown" is-config="true" duration-ms="1195" started-at="2020-03-04T18:13:39Z" finished-at="2020-03-04T18:13:40Z">
          <reporter-output>
          </reporter-output>
        </test-method> <!-- tearDown -->
      </class> <!-- com.w2a.base.TestBase -->
    </test> <!-- Command line test -->
  </suite> <!-- Command line suite -->
</testng-results>
