<?xml version="1.0" encoding="UTF-8"?>
<testng-results skipped="0" failed="0" total="1" passed="1">
  <reporter-output>
  </reporter-output>
  <suite name="Suite" duration-ms="5275" started-at="2020-03-04T17:00:09Z" finished-at="2020-03-04T17:00:14Z">
    <groups>
    </groups>
    <test name="Test" duration-ms="5275" started-at="2020-03-04T17:00:09Z" finished-at="2020-03-04T17:00:14Z">
      <class name="com.w2a.testcases.LoginTest">
        <test-method status="PASS" signature="loginAsBankManager()[pri:0, instance:com.w2a.testcases.LoginTest@61f8bee4]" name="loginAsBankManager" duration-ms="5234" started-at="2020-03-04T22:30:09Z" finished-at="2020-03-04T22:30:14Z">
          <reporter-output>
          </reporter-output>
        </test-method> <!-- loginAsBankManager -->
      </class> <!-- com.w2a.testcases.LoginTest -->
      <class name="com.w2a.base.TestBase">
        <test-method status="PASS" signature="setup()[pri:0, instance:com.w2a.base.TestBase@4f970963]" name="setup" is-config="true" duration-ms="13151" started-at="2020-03-04T22:29:55Z" finished-at="2020-03-04T22:30:09Z">
          <reporter-output>
          </reporter-output>
        </test-method> <!-- setup -->
        <test-method status="PASS" signature="tearDown()[pri:0, instance:com.w2a.base.TestBase@4f970963]" name="tearDown" is-config="true" duration-ms="937" started-at="2020-03-04T22:30:14Z" finished-at="2020-03-04T22:30:15Z">
          <reporter-output>
          </reporter-output>
        </test-method> <!-- tearDown -->
      </class> <!-- com.w2a.base.TestBase -->
    </test> <!-- Test -->
  </suite> <!-- Suite -->
</testng-results>
